<?xml version="1.0" encoding="UTF-8"?>
<!-- Generated by org.testng.reporters.JUnitXMLReporter -->
<testsuite ignored="0" hostname="DESKTOP-56LK4FI" failures="0" tests="2" name="BankingApp Test" time="42.89" errors="0" timestamp="25 Mar 2021 18:11:24 GMT">
  <testcase classname="com.inetbanking.testCases.TC_LoginTest_001" name="loginTest" time="11.304"/>
  <testcase classname="com.inetbanking.testCases.TC_AddCustomerTest_003" name="addNewCustomer" time="21.032"/>
</testsuite> <!-- BankingApp Test -->
